TN:
SF:source/index.js
FN:1,get
FN:2,get
FN:3,get
FN:4,get
FN:5,get
FN:6,get
FN:7,get
FNF:7
FNH:7
FNDA:93,get
FNDA:1,get
FNDA:2,get
FNDA:3,get
FNDA:3,get
FNDA:2,get
FNDA:2,get
DA:1,94
DA:2,2
DA:3,3
DA:4,4
DA:5,4
DA:6,3
DA:7,3
LF:7
LH:7
BRDA:7,0,0,6
BRDA:1,1,0,3
BRDA:1,2,0,0
BRDA:1,3,0,93
BRDA:2,4,0,3
BRDA:2,5,0,0
BRDA:2,6,0,1
BRDA:3,7,0,3
BRDA:3,8,0,0
BRDA:3,9,0,2
BRDA:4,10,0,3
BRDA:4,11,0,0
BRDA:4,12,0,3
BRDA:5,13,0,3
BRDA:5,14,0,0
BRDA:5,15,0,3
BRDA:6,16,0,3
BRDA:6,17,0,0
BRDA:6,18,0,2
BRDA:7,19,0,3
BRDA:7,20,0,0
BRDA:7,21,0,2
BRF:22
BRH:15
end_of_record
TN:
SF:source/library/node.js
FN:48,_interopRequireDefault
FN:48,_getRequireWildcardCache
FN:48,_interopRequireWildcard
FN:9,Node
FN:14,getSource
FN:16,createNode
FNF:6
FNH:4
FNDA:1341,_interopRequireDefault
FNDA:0,_getRequireWildcardCache
FNDA:1201,_interopRequireWildcard
FNDA:1338,Node
FNDA:0,getSource
FNDA:599,createNode
DA:1,2
DA:2,2
DA:3,2
DA:4,2
DA:5,2
DA:6,2
DA:7,2
DA:8,2
DA:9,2
DA:10,2676
DA:11,2676
DA:12,2676
DA:13,2
DA:14,2
DA:15,2
DA:16,2
DA:17,1198
DA:18,1198
DA:19,1198
DA:20,1198
DA:21,1198
DA:22,1198
DA:23,1198
DA:24,1198
DA:25,1198
DA:26,1198
DA:27,1198
DA:28,1198
DA:29,2
DA:30,2
DA:31,2
DA:32,2
DA:33,2
DA:34,2
DA:35,2
DA:36,2
DA:37,2
DA:38,2
DA:39,2
DA:40,2
DA:41,2
DA:42,2
DA:43,2
DA:44,2
DA:45,2
DA:46,2
DA:47,2
DA:48,2
LF:48
LH:48
BRDA:48,0,0,6
BRDA:48,1,0,3
BRDA:48,2,0,1338
BRDA:48,3,0,1201
BRDA:48,4,0,0
BRDA:48,5,0,0
BRDA:48,6,0,0
BRDA:48,7,0,0
BRDA:9,8,0,1338
BRDA:16,9,0,599
BRDA:24,10,0,0
BRDA:23,11,0,599
BRF:12
BRH:7
end_of_record
TN:
SF:source/library/package.js
FN:8,_interopRequireDefault
FNF:1
FNH:1
FNDA:6,_interopRequireDefault
DA:1,2
DA:2,2
DA:3,2
DA:4,2
DA:5,2
DA:6,2
DA:7,2
DA:8,2
LF:8
LH:8
BRDA:8,0,0,6
BRDA:8,1,0,6
BRDA:8,2,0,0
BRF:3
BRH:2
end_of_record
TN:
SF:source/library/transform.js
FN:246,_interopRequireDefault
FN:246,_getRequireWildcardCache
FN:246,_interopRequireWildcard
FN:31,getASTFromContent
FN:43,getSourceFromContent
FN:73,getFunctionSourceFromContent
FN:94,getFunctionFromContent
FN:108,getASTFromPath
FN:118,getSourceFromPath
FN:128,getFunctionSourceFromPath
FN:138,getFunctionFromPath
FN:148,createModuleFromPath
FN:182,formatSource
FN:209,_getLocalFromSource
FNF:14
FNH:14
FNDA:137,_interopRequireDefault
FNDA:91,_getRequireWildcardCache
FNDA:174,_interopRequireWildcard
FNDA:100,getASTFromContent
FNDA:92,getSourceFromContent
FNDA:91,getFunctionSourceFromContent
FNDA:90,getFunctionFromContent
FNDA:9,getASTFromPath
FNDA:82,getSourceFromPath
FNDA:164,getFunctionSourceFromPath
FNDA:92,getFunctionFromPath
FNDA:81,createModuleFromPath
FNDA:82,formatSource
FNDA:84,_getLocalFromSource
DA:1,2
DA:2,2
DA:3,2
DA:4,2
DA:5,2
DA:6,2
DA:7,2
DA:8,2
DA:9,2
DA:10,2
DA:11,2
DA:12,2
DA:13,2
DA:14,2
DA:15,2
DA:16,2
DA:17,2
DA:18,2
DA:19,2
DA:20,2
DA:21,2
DA:22,2
DA:23,2
DA:24,2
DA:25,2
DA:26,2
DA:27,2
DA:28,2
DA:29,2
DA:30,2
DA:31,2
DA:32,184
DA:33,184
DA:34,184
DA:35,184
DA:36,184
DA:37,184
DA:38,184
DA:39,184
DA:40,184
DA:41,184
DA:42,2
DA:43,2
DA:44,182
DA:45,182
DA:46,182
DA:47,182
DA:48,182
DA:49,168
DA:50,168
DA:51,168
DA:52,168
DA:53,168
DA:54,168
DA:55,168
DA:56,168
DA:57,168
DA:58,168
DA:59,168
DA:60,168
DA:61,168
DA:62,168
DA:63,168
DA:64,168
DA:65,168
DA:66,168
DA:67,168
DA:68,168
DA:69,168
DA:70,168
DA:71,168
DA:72,2
DA:73,2
DA:74,180
DA:75,180
DA:76,180
DA:77,166
DA:78,166
DA:79,166
DA:80,166
DA:81,166
DA:82,166
DA:83,166
DA:84,166
DA:85,166
DA:86,166
DA:87,166
DA:88,166
DA:89,166
DA:90,166
DA:91,166
DA:92,166
DA:93,2
DA:94,2
DA:95,16
DA:96,16
DA:97,16
DA:98,16
DA:99,2
DA:100,2
DA:101,2
DA:102,2
DA:103,2
DA:104,2
DA:105,2
DA:106,2
DA:107,2
DA:108,2
DA:109,2
DA:110,2
DA:111,2
DA:112,2
DA:113,2
DA:114,2
DA:115,2
DA:116,2
DA:117,2
DA:118,2
DA:119,2
DA:120,2
DA:121,2
DA:122,2
DA:123,2
DA:124,2
DA:125,2
DA:126,2
DA:127,2
DA:128,2
DA:129,164
DA:130,164
DA:131,164
DA:132,164
DA:133,164
DA:134,164
DA:135,164
DA:136,164
DA:137,2
DA:138,2
DA:139,16
DA:140,16
DA:141,16
DA:142,16
DA:143,2
DA:144,2
DA:145,2
DA:146,2
DA:147,2
DA:148,2
DA:149,162
DA:150,162
DA:151,162
DA:152,162
DA:153,162
DA:154,162
DA:155,162
DA:156,162
DA:157,162
DA:158,162
DA:159,162
DA:160,162
DA:161,162
DA:162,162
DA:163,162
DA:164,162
DA:165,162
DA:166,162
DA:167,162
DA:168,162
DA:169,162
DA:170,162
DA:171,162
DA:172,162
DA:173,162
DA:174,162
DA:175,162
DA:176,162
DA:177,162
DA:178,162
DA:179,162
DA:180,162
DA:181,2
DA:182,2
DA:183,164
DA:184,164
DA:185,164
DA:186,164
DA:187,164
DA:188,164
DA:189,164
DA:190,164
DA:191,164
DA:192,164
DA:193,164
DA:194,164
DA:195,164
DA:196,164
DA:197,164
DA:198,164
DA:199,164
DA:200,164
DA:201,164
DA:202,164
DA:203,164
DA:204,164
DA:205,164
DA:206,164
DA:207,164
DA:208,2
DA:209,2
DA:210,168
DA:211,168
DA:212,168
DA:213,168
DA:214,168
DA:215,168
DA:216,168
DA:217,168
DA:218,168
DA:219,168
DA:220,168
DA:221,168
DA:222,12
DA:223,12
DA:224,12
DA:225,12
DA:226,0
DA:227,0
DA:228,0
DA:229,0
DA:230,0
DA:231,12
DA:232,12
DA:233,168
DA:234,12
DA:235,12
DA:236,168
DA:237,168
DA:238,168
DA:239,168
DA:240,168
DA:241,168
DA:242,168
DA:243,2
DA:244,2
DA:245,2
DA:246,2
LF:246
LH:241
BRDA:246,0,0,6
BRDA:246,1,0,45
BRDA:246,2,0,107
BRDA:246,3,0,121
BRDA:246,4,0,168
BRDA:246,5,0,90
BRDA:246,6,0,83
BRDA:246,7,0,5
BRDA:246,8,0,8
BRDA:31,9,0,93
BRDA:43,10,0,92
BRDA:48,11,0,85
BRDA:73,12,0,172
BRDA:76,13,0,91
BRDA:79,14,0,6
BRDA:94,15,0,89
BRDA:98,16,0,83
BRDA:108,17,0,1
BRDA:118,18,0,85
BRDA:128,19,0,88
BRDA:138,20,0,14
BRDA:142,21,0,7
BRDA:148,22,0,81
BRDA:178,23,0,87
BRDA:182,24,0,82
BRDA:190,25,0,0
BRDA:209,26,0,84
BRDA:219,27,0,6
BRDA:220,28,0,6
BRDA:221,29,0,6
BRDA:225,30,0,0
BRDA:233,31,0,6
BRF:32
BRH:30
end_of_record
TN:
SF:source/library/error/transform-error.js
FN:3,TransformError
FNF:1
FNH:1
FNDA:18,TransformError
DA:1,2
DA:2,2
DA:3,2
DA:4,18
DA:5,18
DA:6,2
DA:7,2
DA:8,2
DA:9,2
LF:9
LH:9
BRDA:9,0,0,6
BRDA:3,1,0,18
BRF:2
BRH:2
end_of_record
TN:
SF:source/library/error/unrecognized-message-transform-error.js
FN:5,UnrecognizedMessageTransformError
FNF:1
FNH:0
FNDA:0,UnrecognizedMessageTransformError
DA:1,2
DA:2,2
DA:3,2
DA:4,2
DA:5,2
DA:6,0
DA:7,0
DA:8,2
DA:9,2
DA:10,2
DA:11,2
LF:11
LH:9
BRDA:11,0,0,6
BRF:1
BRH:1
end_of_record
TN:
SF:source/library/error/unsupported-attribute-transform-error.js
FN:13,_interopRequireDefault
FN:7,UnsupportedAttributeTransformError
FNF:2
FNH:2
FNDA:4,_interopRequireDefault
FNDA:1,UnsupportedAttributeTransformError
DA:1,2
DA:2,2
DA:3,2
DA:4,2
DA:5,2
DA:6,2
DA:7,2
DA:8,2
DA:9,2
DA:10,2
DA:11,2
DA:12,2
DA:13,2
LF:13
LH:13
BRDA:13,0,0,6
BRDA:13,1,0,4
BRDA:13,2,0,0
BRDA:7,3,0,1
BRF:4
BRH:3
end_of_record
TN:
SF:source/library/error/unsupported-code-transform-error.js
FN:13,_interopRequireDefault
FN:7,UnsupportedCodeTransformError
FNF:2
FNH:2
FNDA:6,_interopRequireDefault
FNDA:3,UnsupportedCodeTransformError
DA:1,2
DA:2,2
DA:3,2
DA:4,2
DA:5,2
DA:6,2
DA:7,2
DA:8,6
DA:9,6
DA:10,2
DA:11,2
DA:12,2
DA:13,2
LF:13
LH:13
BRDA:13,0,0,6
BRDA:13,1,0,6
BRDA:13,2,0,0
BRDA:7,3,0,3
BRF:4
BRH:3
end_of_record
TN:
SF:source/library/error/unsupported-comment-transform-error.js
FN:13,_interopRequireDefault
FN:7,UnsupportedCommentTransformError
FNF:2
FNH:2
FNDA:5,_interopRequireDefault
FNDA:2,UnsupportedCommentTransformError
DA:1,2
DA:2,2
DA:3,2
DA:4,2
DA:5,2
DA:6,2
DA:7,2
DA:8,4
DA:9,4
DA:10,2
DA:11,2
DA:12,2
DA:13,2
LF:13
LH:13
BRDA:13,0,0,6
BRDA:13,1,0,5
BRDA:13,2,0,0
BRDA:7,3,0,2
BRF:4
BRH:3
end_of_record
TN:
SF:source/library/error/unsupported-doctype-transform-error.js
FN:13,_interopRequireDefault
FN:7,UnsupportedDocTypeTransformError
FNF:2
FNH:2
FNDA:4,_interopRequireDefault
FNDA:1,UnsupportedDocTypeTransformError
DA:1,2
DA:2,2
DA:3,2
DA:4,2
DA:5,2
DA:6,2
DA:7,2
DA:8,2
DA:9,2
DA:10,2
DA:11,2
DA:12,2
DA:13,2
LF:13
LH:13
BRDA:13,0,0,6
BRDA:13,1,0,4
BRDA:13,2,0,0
BRDA:7,3,0,1
BRF:4
BRH:3
end_of_record
TN:
SF:source/library/error/unsupported-tag-transform-error.js
FN:13,_interopRequireDefault
FN:7,UnsupportedTagTransformError
FNF:2
FNH:2
FNDA:5,_interopRequireDefault
FNDA:2,UnsupportedTagTransformError
DA:1,2
DA:2,2
DA:3,2
DA:4,2
DA:5,2
DA:6,2
DA:7,2
DA:8,4
DA:9,4
DA:10,2
DA:11,2
DA:12,2
DA:13,2
LF:13
LH:13
BRDA:13,0,0,6
BRDA:13,1,0,5
BRDA:13,2,0,0
BRDA:7,3,0,2
BRF:4
BRH:3
end_of_record
TN:
SF:source/library/node/and-attribute-node.js
FN:22,_interopRequireDefault
FN:6,AndAttributeNode
FN:11,getSource
FN:16,__addAndAttribute
FNF:4
FNH:4
FNDA:6,_interopRequireDefault
FNDA:6,AndAttributeNode
FNDA:4,getSource
FNDA:1,__addAndAttribute
DA:1,2
DA:2,2
DA:3,2
DA:4,2
DA:5,2
DA:6,2
DA:7,6
DA:8,6
DA:9,6
DA:10,2
DA:11,2
DA:12,6
DA:13,6
DA:14,2
DA:15,2
DA:16,2
DA:17,2
DA:18,2
DA:19,2
DA:20,2
DA:21,2
DA:22,2
LF:22
LH:22
BRDA:22,0,0,6
BRDA:22,1,0,6
BRDA:22,2,0,3
BRDA:6,3,0,3
BRDA:11,4,0,3
BRF:5
BRH:5
end_of_record
TN:
SF:source/library/node/attribute-node.js
FN:79,_interopRequireDefault
FN:8,AttributeNode
FN:13,getSource
FN:24,__addAttribute
FN:43,__getAttributeName
FN:48,__getAttributeValue
FNF:6
FNH:6
FNDA:105,_interopRequireDefault
FNDA:204,AttributeNode
FNDA:103,getSource
FNDA:2,__addAttribute
FNDA:2,__getAttributeName
FNDA:1,__getAttributeValue
DA:1,2
DA:2,2
DA:3,2
DA:4,2
DA:5,2
DA:6,2
DA:7,2
DA:8,2
DA:9,204
DA:10,204
DA:11,204
DA:12,2
DA:13,2
DA:14,204
DA:15,204
DA:16,202
DA:17,202
DA:18,202
DA:19,202
DA:20,204
DA:21,204
DA:22,2
DA:23,2
DA:24,2
DA:25,2
DA:26,2
DA:27,2
DA:28,2
DA:29,2
DA:30,2
DA:31,2
DA:32,2
DA:33,2
DA:34,2
DA:35,2
DA:36,2
DA:37,2
DA:38,2
DA:39,0
DA:40,0
DA:41,2
DA:42,2
DA:43,2
DA:44,2
DA:45,2
DA:46,2
DA:47,2
DA:48,2
DA:49,2
DA:50,2
DA:51,2
DA:52,0
DA:53,0
DA:54,0
DA:55,0
DA:56,0
DA:57,0
DA:58,0
DA:59,0
DA:60,0
DA:61,0
DA:62,0
DA:63,0
DA:64,0
DA:65,0
DA:66,0
DA:67,0
DA:68,0
DA:69,0
DA:70,0
DA:71,0
DA:72,0
DA:73,0
DA:74,0
DA:75,0
DA:76,2
DA:77,2
DA:78,2
DA:79,2
LF:79
LH:53
BRDA:79,0,0,6
BRDA:79,1,0,105
BRDA:79,2,0,102
BRDA:8,3,0,103
BRDA:13,4,0,203
BRDA:15,5,0,1
BRDA:15,6,0,101
BRF:7
BRH:7
end_of_record
TN:
SF:source/library/node/block-attribute-node.js
FN:30,_interopRequireDefault
FN:8,BlockAttributeNode
FN:12,get isEmpty
FN:16,getSource
FNF:4
FNH:4
FNDA:260,_interopRequireDefault
FNDA:501,BlockAttributeNode
FNDA:501,get isEmpty
FNDA:251,getSource
DA:1,2
DA:2,2
DA:3,2
DA:4,2
DA:5,2
DA:6,2
DA:7,2
DA:8,2
DA:9,502
DA:10,502
DA:11,2
DA:12,2
DA:13,500
DA:14,500
DA:15,2
DA:16,2
DA:17,502
DA:18,502
DA:19,502
DA:20,502
DA:21,502
DA:22,500
DA:23,500
DA:24,500
DA:25,500
DA:26,500
DA:27,2
DA:28,2
DA:29,2
DA:30,2
LF:30
LH:30
BRDA:30,0,0,6
BRDA:30,1,0,260
BRDA:30,2,0,250
BRDA:8,3,0,502
BRDA:12,4,0,500
BRDA:16,5,0,353
BRDA:21,6,0,253
BRDA:18,7,0,207
BRDA:18,8,0,3
BRDA:21,9,0,105
BRF:10
BRH:10
end_of_record
TN:
SF:source/library/node/block-comment-node.js
FN:32,_interopRequireDefault
FN:8,BlockCommentNode
FN:12,getSource
FNF:3
FNH:3
FNDA:4,_interopRequireDefault
FNDA:4,BlockCommentNode
FNDA:2,getSource
DA:1,2
DA:2,2
DA:3,2
DA:4,2
DA:5,2
DA:6,2
DA:7,2
DA:8,2
DA:9,4
DA:10,4
DA:11,2
DA:12,2
DA:13,4
DA:14,4
DA:15,2
DA:16,2
DA:17,2
DA:18,2
DA:19,2
DA:20,2
DA:21,2
DA:22,2
DA:23,2
DA:24,2
DA:25,2
DA:26,2
DA:27,4
DA:28,4
DA:29,2
DA:30,2
DA:31,2
DA:32,2
LF:32
LH:32
BRDA:32,0,0,4
BRDA:32,1,0,4
BRDA:32,2,0,2
BRDA:8,3,0,3
BRDA:12,4,0,5
BRDA:14,5,0,4
BRDA:21,6,0,5
BRDA:22,7,0,3
BRDA:23,8,0,2
BRF:9
BRH:9
end_of_record
TN:
SF:source/library/node/block-node.js
FN:34,_interopRequireDefault
FN:6,BlockNode
FN:10,get isEmpty
FN:14,getSource
FNF:4
FNH:4
FNDA:399,_interopRequireDefault
FNDA:1106,BlockNode
FNDA:1106,get isEmpty
FNDA:396,getSource
DA:1,2
DA:2,2
DA:3,2
DA:4,2
DA:5,2
DA:6,2
DA:7,792
DA:8,792
DA:9,2
DA:10,2
DA:11,1420
DA:12,1420
DA:13,2
DA:14,2
DA:15,792
DA:16,792
DA:17,694
DA:18,694
DA:19,694
DA:20,694
DA:21,694
DA:22,694
DA:23,694
DA:24,672
DA:25,672
DA:26,672
DA:27,672
DA:28,672
DA:29,792
DA:30,792
DA:31,2
DA:32,2
DA:33,2
DA:34,2
LF:34
LH:34
BRDA:34,0,0,6
BRDA:34,1,0,399
BRDA:34,2,0,710
BRDA:6,3,0,792
BRDA:10,4,0,759
BRDA:14,5,0,743
BRDA:16,6,0,385
BRDA:16,7,0,934
BRDA:23,8,0,921
BRDA:20,9,0,587
BRDA:23,10,0,585
BRF:11
BRH:11
end_of_record
TN:
SF:source/library/node/block-when-node.js
FN:30,_interopRequireDefault
FN:7,BlockWhenNode
FN:11,get isEmpty
FN:15,getSource
FNF:4
FNH:4
FNDA:6,_interopRequireDefault
FNDA:8,BlockWhenNode
FNDA:8,get isEmpty
FNDA:4,getSource
DA:1,2
DA:2,2
DA:3,2
DA:4,2
DA:5,2
DA:6,2
DA:7,2
DA:8,8
DA:9,8
DA:10,2
DA:11,2
DA:12,8
DA:13,8
DA:14,2
DA:15,2
DA:16,8
DA:17,8
DA:18,8
DA:19,8
DA:20,8
DA:21,8
DA:22,8
DA:23,8
DA:24,8
DA:25,8
DA:26,8
DA:27,2
DA:28,2
DA:29,2
DA:30,2
LF:30
LH:30
BRDA:30,0,0,2
BRDA:30,1,0,6
BRDA:30,2,0,4
BRDA:7,3,0,8
BRDA:11,4,0,16
BRDA:15,5,0,16
BRDA:18,6,0,12
BRDA:21,7,0,12
BRF:8
BRH:8
end_of_record
TN:
SF:source/library/node/case-node.js
FN:33,_interopRequireDefault
FN:7,CaseNode
FN:11,getSource
FNF:3
FNH:3
FNDA:6,_interopRequireDefault
FNDA:8,CaseNode
FNDA:4,getSource
DA:1,2
DA:2,2
DA:3,2
DA:4,2
DA:5,2
DA:6,2
DA:7,2
DA:8,8
DA:9,8
DA:10,2
DA:11,2
DA:12,8
DA:13,8
DA:14,8
DA:15,8
DA:16,8
DA:17,8
DA:18,8
DA:19,8
DA:20,8
DA:21,8
DA:22,0
DA:23,8
DA:24,8
DA:25,8
DA:26,8
DA:27,8
DA:28,8
DA:29,8
DA:30,2
DA:31,2
DA:32,2
DA:33,2
LF:33
LH:32
BRDA:33,0,0,2
BRDA:33,1,0,6
BRDA:33,2,0,4
BRDA:7,3,0,4
BRDA:11,4,0,4
BRDA:21,5,0,0
BRF:6
BRH:5
end_of_record
TN:
SF:source/library/node/code-node.js
FN:75,_interopRequireDefault
FN:9,CodeNode
FN:13,getSource
FNF:3
FNH:3
FNDA:76,_interopRequireDefault
FNDA:144,CodeNode
FNDA:72,getSource
DA:1,2
DA:2,2
DA:3,2
DA:4,2
DA:5,2
DA:6,2
DA:7,2
DA:8,2
DA:9,2
DA:10,144
DA:11,144
DA:12,2
DA:13,2
DA:14,144
DA:15,144
DA:16,144
DA:17,144
DA:18,144
DA:19,144
DA:20,144
DA:21,144
DA:22,144
DA:23,144
DA:24,144
DA:25,144
DA:26,144
DA:27,144
DA:28,144
DA:29,144
DA:30,144
DA:31,144
DA:32,144
DA:33,144
DA:34,144
DA:35,144
DA:36,64
DA:37,64
DA:38,64
DA:39,64
DA:40,64
DA:41,64
DA:42,64
DA:43,64
DA:44,64
DA:45,64
DA:46,64
DA:47,64
DA:48,64
DA:49,64
DA:50,64
DA:51,64
DA:52,64
DA:53,64
DA:54,64
DA:55,64
DA:56,64
DA:57,62
DA:58,62
DA:59,62
DA:60,62
DA:61,62
DA:62,62
DA:63,62
DA:64,62
DA:65,62
DA:66,62
DA:67,62
DA:68,64
DA:69,64
DA:70,144
DA:71,144
DA:72,2
DA:73,2
DA:74,2
DA:75,2
LF:75
LH:75
BRDA:75,0,0,4
BRDA:75,1,0,76
BRDA:75,2,0,72
BRDA:9,3,0,112
BRDA:13,4,0,75
BRDA:35,5,0,77
BRDA:39,6,0,35
BRDA:39,7,0,38
BRDA:35,8,0,32
BRDA:56,9,0,32
BRDA:59,10,0,0
BRDA:56,11,0,31
BRF:12
BRH:11
end_of_record
TN:
SF:source/library/node/comment-node.js
FN:26,_interopRequireDefault
FN:8,CommentNode
FN:12,getSource
FNF:3
FNH:3
FNDA:27,_interopRequireDefault
FNDA:50,CommentNode
FNDA:25,getSource
DA:1,2
DA:2,2
DA:3,2
DA:4,2
DA:5,2
DA:6,2
DA:7,2
DA:8,2
DA:9,50
DA:10,50
DA:11,2
DA:12,2
DA:13,50
DA:14,50
DA:15,2
DA:16,2
DA:17,48
DA:18,48
DA:19,48
DA:20,48
DA:21,50
DA:22,50
DA:23,2
DA:24,2
DA:25,2
DA:26,2
LF:26
LH:26
BRDA:26,0,0,4
BRDA:26,1,0,27
BRDA:26,2,0,25
BRDA:8,3,0,49
BRDA:12,4,0,26
BRDA:14,5,0,24
BRDA:14,6,0,1
BRF:7
BRH:7
end_of_record
TN:
SF:source/library/node/conditional-node.js
FN:51,_interopRequireDefault
FN:7,ConditionalNode
FN:11,getSource
FNF:3
FNH:3
FNDA:10,_interopRequireDefault
FNDA:16,ConditionalNode
FNDA:8,getSource
DA:1,2
DA:2,2
DA:3,2
DA:4,2
DA:5,2
DA:6,2
DA:7,2
DA:8,16
DA:9,16
DA:10,2
DA:11,2
DA:12,16
DA:13,16
DA:14,16
DA:15,16
DA:16,16
DA:17,16
DA:18,16
DA:19,16
DA:20,16
DA:21,16
DA:22,16
DA:23,16
DA:24,16
DA:25,16
DA:26,16
DA:27,16
DA:28,16
DA:29,16
DA:30,16
DA:31,16
DA:32,16
DA:33,16
DA:34,16
DA:35,14
DA:36,14
DA:37,14
DA:38,14
DA:39,14
DA:40,14
DA:41,14
DA:42,14
DA:43,14
DA:44,16
DA:45,16
DA:46,16
DA:47,16
DA:48,2
DA:49,2
DA:50,2
DA:51,2
LF:51
LH:51
BRDA:51,0,0,2
BRDA:51,1,0,10
BRDA:51,2,0,8
BRDA:7,3,0,8
BRDA:11,4,0,15
BRDA:28,5,0,0
BRDA:34,6,0,7
BRF:7
BRH:6
end_of_record
TN:
SF:source/library/node/doctype-node.js
FN:18,_interopRequireDefault
FN:8,DocTypeNode
FN:12,getSource
FNF:3
FNH:3
FNDA:2,_interopRequireDefault
FNDA:2,DocTypeNode
FNDA:1,getSource
DA:1,2
DA:2,2
DA:3,2
DA:4,2
DA:5,2
DA:6,2
DA:7,2
DA:8,2
DA:9,2
DA:10,2
DA:11,2
DA:12,2
DA:13,2
DA:14,2
DA:15,2
DA:16,2
DA:17,2
DA:18,2
LF:18
LH:18
BRDA:18,0,0,2
BRDA:18,1,0,2
BRDA:18,2,0,1
BRDA:8,3,0,1
BRDA:12,4,0,1
BRF:5
BRH:5
end_of_record
TN:
SF:source/library/node/each-node.js
FN:58,_interopRequireDefault
FN:7,EachNode
FN:11,getSource
FN:38,__forEach
FNF:4
FNH:4
FNDA:14,_interopRequireDefault
FNDA:16,EachNode
FNDA:9,getSource
FNDA:1,__forEach
DA:1,2
DA:2,2
DA:3,2
DA:4,2
DA:5,2
DA:6,2
DA:7,2
DA:8,16
DA:9,16
DA:10,2
DA:11,2
DA:12,16
DA:13,16
DA:14,16
DA:15,16
DA:16,16
DA:17,16
DA:18,16
DA:19,16
DA:20,16
DA:21,16
DA:22,16
DA:23,2
DA:24,2
DA:25,2
DA:26,2
DA:27,2
DA:28,2
DA:29,2
DA:30,2
DA:31,2
DA:32,16
DA:33,16
DA:34,16
DA:35,16
DA:36,2
DA:37,2
DA:38,2
DA:39,2
DA:40,2
DA:41,2
DA:42,2
DA:43,2
DA:44,2
DA:45,2
DA:46,2
DA:47,2
DA:48,2
DA:49,2
DA:50,2
DA:51,2
DA:52,2
DA:53,2
DA:54,2
DA:55,2
DA:56,2
DA:57,2
DA:58,2
LF:58
LH:58
BRDA:58,0,0,6
BRDA:58,1,0,14
BRDA:58,2,0,8
BRDA:7,3,0,8
BRDA:11,4,0,10
BRDA:16,5,0,6
BRDA:18,6,0,3
BRDA:18,7,0,6
BRDA:22,8,0,1
BRDA:25,9,0,0
BRF:10
BRH:9
end_of_record
TN:
SF:source/library/node/filter-node.js
FN:24,_interopRequireDefault
FN:7,FilterNode
FN:11,getSource
FNF:3
FNH:3
FNDA:7,_interopRequireDefault
FNDA:10,FilterNode
FNDA:5,getSource
DA:1,2
DA:2,2
DA:3,2
DA:4,2
DA:5,2
DA:6,2
DA:7,2
DA:8,10
DA:9,10
DA:10,2
DA:11,2
DA:12,10
DA:13,10
DA:14,10
DA:15,10
DA:16,10
DA:17,10
DA:18,10
DA:19,10
DA:20,10
DA:21,2
DA:22,2
DA:23,2
DA:24,2
LF:24
LH:24
BRDA:24,0,0,2
BRDA:24,1,0,7
BRDA:24,2,0,6
BRDA:24,3,0,1
BRDA:7,4,0,5
BRDA:11,5,0,5
BRF:6
BRH:6
end_of_record
TN:
SF:source/library/node/mixin-block-node.js
FN:17,_interopRequireDefault
FN:6,MixinBlockNode
FN:10,getSource
FNF:3
FNH:3
FNDA:2,_interopRequireDefault
FNDA:2,MixinBlockNode
FNDA:1,getSource
DA:1,2
DA:2,2
DA:3,2
DA:4,2
DA:5,2
DA:6,2
DA:7,2
DA:8,2
DA:9,2
DA:10,2
DA:11,2
DA:12,2
DA:13,2
DA:14,2
DA:15,2
DA:16,2
DA:17,2
LF:17
LH:17
BRDA:17,0,0,2
BRDA:17,1,0,2
BRDA:17,2,0,1
BRDA:6,3,0,1
BRDA:10,4,0,1
BRF:5
BRH:5
end_of_record
TN:
SF:source/library/node/mixin-node.js
FN:77,_interopRequireDefault
FN:9,MixinNode
FN:13,getSource
FNF:3
FNH:3
FNDA:23,_interopRequireDefault
FNDA:38,MixinNode
FNDA:19,getSource
DA:1,2
DA:2,2
DA:3,2
DA:4,2
DA:5,2
DA:6,2
DA:7,2
DA:8,2
DA:9,2
DA:10,38
DA:11,38
DA:12,2
DA:13,2
DA:14,38
DA:15,38
DA:16,38
DA:17,38
DA:18,14
DA:19,14
DA:20,14
DA:21,14
DA:22,14
DA:23,14
DA:24,14
DA:25,14
DA:26,14
DA:27,14
DA:28,14
DA:29,14
DA:30,14
DA:31,14
DA:32,14
DA:33,14
DA:34,14
DA:35,14
DA:36,14
DA:37,14
DA:38,14
DA:39,14
DA:40,14
DA:41,14
DA:42,14
DA:43,14
DA:44,14
DA:45,14
DA:46,14
DA:47,14
DA:48,14
DA:49,14
DA:50,14
DA:51,14
DA:52,14
DA:53,14
DA:54,14
DA:55,14
DA:56,14
DA:57,14
DA:58,14
DA:59,14
DA:60,14
DA:61,14
DA:62,14
DA:63,14
DA:64,14
DA:65,14
DA:66,14
DA:67,14
DA:68,14
DA:69,14
DA:70,38
DA:71,38
DA:72,38
DA:73,38
DA:74,2
DA:75,2
DA:76,2
DA:77,2
LF:77
LH:77
BRDA:77,0,0,2
BRDA:77,1,0,23
BRDA:77,2,0,22
BRDA:77,3,0,13
BRDA:9,4,0,29
BRDA:13,5,0,21
BRDA:17,6,0,13
BRDA:23,7,0,10
BRDA:23,8,0,13
BRDA:34,9,0,10
BRDA:37,10,0,3
BRDA:34,11,0,18
BRDA:53,12,0,15
BRDA:53,13,0,4
BRDA:17,14,0,7
BRDA:62,15,0,6
BRDA:62,16,0,1
BRF:17
BRH:17
end_of_record
TN:
SF:source/library/node/named-block-node.js
FN:12,_interopRequireDefault
FN:6,NamedBlockNode
FNF:2
FNH:2
FNDA:23,_interopRequireDefault
FNDA:22,NamedBlockNode
DA:1,2
DA:2,2
DA:3,2
DA:4,2
DA:5,2
DA:6,2
DA:7,44
DA:8,44
DA:9,2
DA:10,2
DA:11,2
DA:12,2
LF:12
LH:12
BRDA:12,0,0,2
BRDA:12,1,0,23
BRDA:12,2,0,0
BRDA:6,3,0,22
BRF:4
BRH:3
end_of_record
TN:
SF:source/library/node/tag-node.js
FN:94,_interopRequireDefault
FN:10,TagNode
FN:14,getSource
FN:51,__createNode
FN:62,__getNodeName
FN:67,__getNodeProperty
FN:88,__getChildNode
FNF:7
FNH:7
FNDA:252,_interopRequireDefault
FNDA:484,TagNode
FNDA:242,getSource
FNDA:2,__createNode
FNDA:2,__getNodeName
FNDA:2,__getNodeProperty
FNDA:1,__getChildNode
DA:1,2
DA:2,2
DA:3,2
DA:4,2
DA:5,2
DA:6,2
DA:7,2
DA:8,2
DA:9,2
DA:10,2
DA:11,486
DA:12,486
DA:13,2
DA:14,2
DA:15,482
DA:16,482
DA:17,478
DA:18,478
DA:19,478
DA:20,478
DA:21,478
DA:22,478
DA:23,478
DA:24,478
DA:25,294
DA:26,478
DA:27,478
DA:28,478
DA:29,478
DA:30,478
DA:31,478
DA:32,478
DA:33,478
DA:34,478
DA:35,478
DA:36,468
DA:37,90
DA:38,478
DA:39,478
DA:40,478
DA:41,478
DA:42,478
DA:43,478
DA:44,478
DA:45,478
DA:46,478
DA:47,482
DA:48,482
DA:49,2
DA:50,2
DA:51,2
DA:52,2
DA:53,2
DA:54,2
DA:55,2
DA:56,2
DA:57,2
DA:58,2
DA:59,2
DA:60,2
DA:61,2
DA:62,2
DA:63,2
DA:64,2
DA:65,2
DA:66,2
DA:67,2
DA:68,2
DA:69,2
DA:70,2
DA:71,2
DA:72,2
DA:73,2
DA:74,2
DA:75,2
DA:76,2
DA:77,2
DA:78,2
DA:79,2
DA:80,2
DA:81,2
DA:82,2
DA:83,2
DA:84,0
DA:85,0
DA:86,2
DA:87,2
DA:88,2
DA:89,2
DA:90,2
DA:91,2
DA:92,2
DA:93,2
DA:94,2
LF:94
LH:92
BRDA:94,0,0,6
BRDA:94,1,0,252
BRDA:94,2,0,241
BRDA:10,3,0,245
BRDA:14,4,0,480
BRDA:16,5,0,240
BRDA:16,6,0,386
BRDA:23,7,0,329
BRDA:24,8,0,381
BRDA:24,9,0,136
BRDA:35,10,0,423
BRDA:36,11,0,45
BRDA:36,12,0,189
BRF:13
BRH:13
end_of_record
TN:
SF:source/library/node/text-node.js
FN:23,_interopRequireDefault
FN:7,TextNode
FN:11,getSource
FNF:3
FNH:3
FNDA:183,_interopRequireDefault
FNDA:362,TextNode
FNDA:181,getSource
DA:1,2
DA:2,2
DA:3,2
DA:4,2
DA:5,2
DA:6,2
DA:7,2
DA:8,362
DA:9,362
DA:10,2
DA:11,2
DA:12,362
DA:13,362
DA:14,326
DA:15,326
DA:16,326
DA:17,326
DA:18,362
DA:19,362
DA:20,2
DA:21,2
DA:22,2
DA:23,2
LF:23
LH:23
BRDA:23,0,0,2
BRDA:23,1,0,183
BRDA:23,2,0,182
BRDA:23,3,0,19
BRDA:7,4,0,344
BRDA:11,5,0,181
BRDA:13,6,0,18
BRDA:13,7,0,163
BRF:8
BRH:8
end_of_record
TN:
SF:source/library/node/when-node.js
FN:69,_interopRequireDefault
FN:7,WhenNode
FN:11,getSource
FNF:3
FNH:3
FNDA:14,_interopRequireDefault
FNDA:24,WhenNode
FNDA:12,getSource
DA:1,2
DA:2,2
DA:3,2
DA:4,2
DA:5,2
DA:6,2
DA:7,2
DA:8,24
DA:9,24
DA:10,2
DA:11,2
DA:12,24
DA:13,24
DA:14,24
DA:15,24
DA:16,24
DA:17,24
DA:18,24
DA:19,24
DA:20,24
DA:21,24
DA:22,24
DA:23,24
DA:24,24
DA:25,24
DA:26,24
DA:27,24
DA:28,24
DA:29,24
DA:30,24
DA:31,24
DA:32,24
DA:33,24
DA:34,24
DA:35,24
DA:36,24
DA:37,2
DA:38,2
DA:39,2
DA:40,2
DA:41,2
DA:42,2
DA:43,2
DA:44,2
DA:45,2
DA:46,2
DA:47,2
DA:48,2
DA:49,2
DA:50,2
DA:51,2
DA:52,2
DA:53,2
DA:54,2
DA:55,2
DA:56,2
DA:57,2
DA:58,2
DA:59,2
DA:60,2
DA:61,2
DA:62,2
DA:63,2
DA:64,24
DA:65,24
DA:66,2
DA:67,2
DA:68,2
DA:69,2
LF:69
LH:69
BRDA:69,0,0,2
BRDA:69,1,0,14
BRDA:69,2,0,12
BRDA:7,3,0,23
BRDA:11,4,0,12
BRDA:36,5,0,15
BRDA:39,6,0,7
BRDA:41,7,0,10
BRDA:41,8,0,7
BRDA:47,9,0,6
BRDA:47,10,0,1
BRDA:49,11,0,0
BRDA:36,12,0,1
BRF:13
BRH:12
end_of_record
TN:
SF:source/library/node/while-node.js
FN:41,_interopRequireDefault
FN:7,EachNode
FN:11,getSource
FNF:3
FNH:3
FNDA:3,_interopRequireDefault
FNDA:2,EachNode
FNDA:1,getSource
DA:1,2
DA:2,2
DA:3,2
DA:4,2
DA:5,2
DA:6,2
DA:7,2
DA:8,2
DA:9,2
DA:10,2
DA:11,2
DA:12,2
DA:13,2
DA:14,2
DA:15,2
DA:16,2
DA:17,2
DA:18,2
DA:19,2
DA:20,2
DA:21,2
DA:22,2
DA:23,0
DA:24,0
DA:25,0
DA:26,0
DA:27,0
DA:28,0
DA:29,0
DA:30,0
DA:31,0
DA:32,0
DA:33,0
DA:34,2
DA:35,2
DA:36,2
DA:37,2
DA:38,2
DA:39,2
DA:40,2
DA:41,2
LF:41
LH:30
BRDA:41,0,0,2
BRDA:41,1,0,3
BRDA:41,2,0,1
BRDA:7,3,0,1
BRDA:11,4,0,1
BRDA:25,5,0,0
BRDA:22,6,0,0
BRF:7
BRH:5
end_of_record
